<?xml version="1.0" encoding="UTF-8"?>
<!-- Generated by org.testng.reporters.JUnitReportReporter -->
<testsuite hostname="DESKTOP-AELALK6" failures="0" tests="1" name="AuthExamples.OAuth2Example" time="9.699" errors="0" timestamp="2024-05-04T07:31:20 IST" skipped="0">
  <testcase classname="AuthExamples.OAuth2Example" name="getAccessToken" time="9.699"/>
  <system-out/>
</testsuite> <!-- AuthExamples.OAuth2Example -->
