<?xml version="1.0" encoding="UTF-8"?>
<!-- Generated by org.testng.reporters.JUnitReportReporter -->
<testsuite hostname="DESKTOP-AELALK6" failures="0" tests="1" name="AuthExamples.QueryParameterExample" time="7.074" errors="0" timestamp="2024-05-03T08:05:28 IST" skipped="0">
  <testcase classname="AuthExamples.QueryParameterExample" name="QueryParamTest" time="7.074"/>
  <system-out/>
</testsuite> <!-- AuthExamples.QueryParameterExample -->
